(---------------------------------------------------------------------)
(                                                                     )
(    NC DRILL Log                                                     )
(                                                                     )
(    Drawing          : datalogger.brd                                )
(    Software Version : unreleased                                    )
(    Date/Time        : Tue Mar 23 01:08:41 2021                      )
(                                                                     )
(---------------------------------------------------------------------)



 Processing NC Parameters file 'nc_param.txt' ...

 NC PARAMETERS
 -------------

 FORMAT   		2.5
 MACHINE-OFFSET		x:0.00000	y:0.00000   (inch)
 FEEDRATE		1
 COORDINATES		ABSOLUTE
 OUTPUT-UNITS		ENGLISH
 TOOL-ORDER		INCREASING
 REPEAT-CODES		YES
 SUPPRESS-LEAD-ZEROES	NO
 SUPPRESS-TRAIL-ZEROES	NO
 SUPPRESS-EQUAL		NO
 TOOL-SELECT		YES
 HEADER			none
 LEADER			12
 CODE			ASCII
 SEPARATE		NO
 SEPARATE-ROUTING	NO
 OPTIMIZE_DRILLING	NO
 ENHANCED_EXCELLON	YES
 SCALE			1.000000

 WARNING(SPMHMF-358): Design precision is the same as that of the drill output file data.
 WARNING(SPMHMF-359): Data rounding errors may still be possible.
 WARNING(SPMHMF-368): Cannot find NC Drill tool file 'nc_tools.txt'
 WARNING(SPMHMF-369): ... will auto-generate tool file 'nc_tools_auto.txt'.


     Auto-generating tool file 'nc_tools_auto.txt' ...

           Size  Plating  Tool        + Tolerance  - Tolerance

           7.87  P        T01            0.000000     0.000000
          35.00  P        T02            0.000000     0.000000
          57.09  P        T03            0.000000     0.000000
         156.00  N        T04            0.000000     0.000000


 Drill files being output to directory 'C:/Users/adamf/Desktop/TDP4/allegro' ...



     'datalogger-1-4.drl' created for holes connecting TOP and BOTTOM
     ----------------------------------------------------------------

     Tool  Num     Size      +/- Tolerance     Plating   Quantity

     T01    1.   7.8700    0.0000/  0.0000      PLATED        461
     T02    2.  35.0000    0.0000/  0.0000      PLATED         30
     T03    3.  57.0900    0.0000/  0.0000      PLATED         10
     T04    4. 156.0000    0.0000/  0.0000  NON_PLATED          3

     ---- Total holes:                                        504

     ---- Total head travel:              16.85 feet (5.14 meters)

