{ Using PSTWRITER 17.2.0 d001Mar-23-2021 at 02:37:23 }

#1 WARNING(ORCAP-36006): Part Name "BATTERY_SEIKO_MS518SE-FL35E_MS518SE-FL35E" is renamed to "BATTERY_SEIKO_MS518SE-FL35E_MS5".
#2 WARNING(ORCAP-36006): Part Name "DIODE SCHOTTKY_GU-C0603_NSR20F30NXT5G" is renamed to "DIODE SCHOTTKY_GU-C0603_NSR20F3".
#3 WARNING(ORCAP-36006): Part Name "DIODE SCHOTTKY13_0_GU-C0603_NSR20F30NXT5G" is renamed to "DIODE SCHOTTKY13_0_GU-C0603_NSR".
#4 WARNING(ORCAP-36006): Part Name "DIODE ZENER_DIODES-DFLZ15-7_MM3Z15VT1G" is renamed to "DIODE ZENER_DIODES-DFLZ15-7_MM3".
#5 WARNING(ORCAP-36006): Part Name "FUSE_FUSC455X324X85L30_1206L075/16WR" is renamed to "FUSE_FUSC455X324X85L30_1206L075".
#6 WARNING(ORCAP-36006): Part Name "NE0-M9N_2_UBLOX_NEO-M9N-00BGNSS_NE0-M9N" is renamed to "NE0-M9N_2_UBLOX_NEO-M9N-00BGNSS".
#7 WARNING(ORCAP-36006): Part Name "CON8_GU-HEADER8_BACKUP_TELE_HEADER" is renamed to "CON8_GU-HEADER8_BACKUP_TELE_HEA".
#8 WARNING(ORCAP-36006): Part Name "CON4_RHDRV4W90P254_4X1_USB HEADER" is renamed to "CON4_RHDRV4W90P254_4X1_USB HEAD".
#9 WARNING(ORCAP-36006): Part Name "L_INDDFN2_400X400X310L157X370_4.7U" is renamed to "L_INDDFN2_400X400X310L157X370_4".
#10 WARNING(ORCAP-36006): Part Name "CHOKE FERRITE_GU-R0603_30OHMS/1.8A" is renamed to "CHOKE FERRITE_GU-R0603_30OHMS/1".
#11 WARNING(ORCAP-36006): Part Name "SW KEY-SPDT_0_SOT175P420X230-3N_TDD01H0SB1R" is renamed to "SW KEY-SPDT_0_SOT175P420X230-3N".
#12 WARNING(ORCAP-36006): Part Name "SW KEY-SPST_OMRON_B3U-1000P_B3U-1000P" is renamed to "SW KEY-SPST_OMRON_B3U-1000P_B3U".
#13 WARNING(ORCAP-36006): Part Name "TPS56220_0_SOT23-6P95_280X145L45X37_TPS56220XXX" is renamed to "TPS56220_0_SOT23-6P95_280X145L4".
#14 WARNING(ORCAP-36006): Part Name "MCP2562FD_0_SON65P300X300X80-9N_MCP2562FD-E/MF" is renamed to "MCP2562FD_0_SON65P300X300X80-9N".
#15 WARNING(ORCAP-36006): Part Name "2450LP14A100T_RESCAXE6P50_160X80X70L15X20_2450LP14A100T" is renamed to "2450LP14A100T_RESCAXE6P50_160X8".
#16 WARNING(ORCAP-36006): Part Name "STM32H743VIT6_QFP50P1600X1600X160-100N_STM32H743VIT6" is renamed to "STM32H743VIT6_QFP50P1600X1600X1".
#17 WARNING(ORCAP-36006): Part Name "MAX3062EEKA+T_SOT65P280X145-8N_MAX3062EEKA+T" is renamed to "MAX3062EEKA+T_SOT65P280X145-8N_".
#18 WARNING(ORCAP-36006): Part Name "DDPROTEC_0_SON8P50_250X120X55L40X20_ECMF02-4CMX8" is renamed to "DDPROTEC_0_SON8P50_250X120X55L4".
#19 WARNING(ORCAP-36006): Part Name "NRF24L01P-R_1_QFN21P50_400X400X95L40X24T260N_NRF24L01" is renamed to "NRF24L01P-R_1_QFN21P50_400X400X".
#20 WARNING(ORCAP-36006): Part Name "RFX2401C_0_QFN17P50_300X300X55L40X25T170_RFX2401C" is renamed to "RFX2401C_0_QFN17P50_300X300X55L".
#21 WARNING(ORCAP-36006): Part Name "32.768KHZ_XTALDFN2_600X350X140_25MHZ" is renamed to "32.768KHZ_XTALDFN2_600X350X140_".
#22 WARNING(ORCAP-36006): Part Name "32.768KHZ_X2-SMD-L20X12X055MM_32.768KHZ" is renamed to "32.768KHZ_X2-SMD-L20X12X055MM_3".
INFO(ORCAP-36080): Scanning netlist files ...

Loading... C:\USERS\LEWIS\DOCUMENTS\UNI\DATA LOGGER FULL\allegro/pstchip.dat

Loading... C:\USERS\LEWIS\DOCUMENTS\UNI\DATA LOGGER FULL\allegro/pstchip.dat

Loading... C:\USERS\LEWIS\DOCUMENTS\UNI\DATA LOGGER FULL\allegro/pstxprt.dat

Loading... C:\USERS\LEWIS\DOCUMENTS\UNI\DATA LOGGER FULL\allegro/pstxnet.dat
packaging the design view...