(---------------------------------------------------------------------)
(                                                                     )
(    Allegro Netrev Import Logic                                      )
(                                                                     )
(    Drawing          : datalogger.brd                                )
(    Software Version : 17.2S013                                      )
(    Date/Time        : Tue Mar 23 02:37:25 2021                      )
(                                                                     )
(---------------------------------------------------------------------)


------ Directives ------------

Ripup etch:                  No
Ripup delete first segment:  No
Ripup retain bondwire:       No
Ripup symbols:               Always
Missing symbol has error:    No
DRC update:                  Yes
Schematic directory:         'C:\USERS\LEWIS\DOCUMENTS\UNI\DATA LOGGER FULL\allegro'
Design Directory:            'C:/USERS/LEWIS/DOCUMENTS/UNI/DATA LOGGER FULL/allegro'
Old design name:             'C:/Users/Lewis/Documents/Uni/Data Logger Full/allegro/datalogger.brd'
New design name:             'C:/USERS/LEWIS/DOCUMENTS/UNI/DATA LOGGER FULL/allegro/datalogger.brd'

CmdLine: netrev.exe -y 1 -i C:\USERS\LEWIS\DOCUMENTS\UNI\DATA LOGGER FULL\allegro C:\Users\Lewis\Documents\Uni\Data Logger Full\allegro\datalogger.brd C:\USERS\LEWIS\DOCUMENTS\UNI\DATA LOGGER FULL\.\allegro\datalogger.brd

------ Preparing to read pst files ------

Starting to read C:/USERS/LEWIS/DOCUMENTS/UNI/DATA LOGGER FULL/allegro/pstchip.dat 
   Finished reading C:/USERS/LEWIS/DOCUMENTS/UNI/DATA LOGGER FULL/allegro/pstchip.dat (00:00:00.03)
Starting to read C:/USERS/LEWIS/DOCUMENTS/UNI/DATA LOGGER FULL/allegro/pstxprt.dat 
   Finished reading C:/USERS/LEWIS/DOCUMENTS/UNI/DATA LOGGER FULL/allegro/pstxprt.dat (00:00:00.00)
Starting to read C:/USERS/LEWIS/DOCUMENTS/UNI/DATA LOGGER FULL/allegro/pstxnet.dat 
   Finished reading C:/USERS/LEWIS/DOCUMENTS/UNI/DATA LOGGER FULL/allegro/pstxnet.dat (00:00:00.00)

------ Oversights/Warnings/Errors ------


------ Library Paths ------
MODULEPATH =  . 
           c:/cadence/spb_17.2/share/local/pcb/modules 

PSMPATH =  C:/Users/Lewis/Documents/Uni/Allegro_Footprints/ 
           . 
           symbols 
           .. 
           ../symbols 
           c:/cadence/spb_17.2/share/local/pcb/symbols 
           c:/cadence/spb_17.2/share/pcb/pcb_lib/symbols 
           c:/cadence/spb_17.2/share/pcb/allegrolib/symbols 

PADPATH =  C:/Users/Lewis/Documents/Uni/Allegro_Footprints/ 
           . 
           symbols 
           .. 
           ../symbols 
           c:/cadence/spb_17.2/share/local/pcb/padstacks 
           c:/cadence/spb_17.2/share/pcb/pcb_lib/symbols 
           c:/cadence/spb_17.2/share/pcb/allegrolib/symbols 


------ Summary Statistics ------


netrev run on Mar 23 2:37:25 2021
   DESIGN NAME : 'DATALOGGER'
   PACKAGING ON Jan  9 2017 17:57:56

   COMPILE 'logic'
   CHECK_PIN_NAMES OFF
   CROSS_REFERENCE OFF
   FEEDBACK OFF
   INCREMENTAL OFF
   INTERFACE_TYPE PHYSICAL
   MAX_ERRORS 500
   MERGE_MINIMUM 5
   NET_NAME_CHARS '#%&()*+-./:=>?@[]^_`|'
   NET_NAME_LENGTH 24
   OVERSIGHTS ON
   REPLACE_CHECK OFF
   SINGLE_NODE_NETS ON
   SPLIT_MINIMUM 0
   SUPPRESS   20
   WARNINGS ON

 No error detected
 No oversight detected
 No warning detected

cpu time      0:00:21
elapsed time  0:00:00

